[2024-02-11 20:36:04] [ERROR] Incorrect function: Call to a member function download_share_file() on null,0,/var/www/html/modules/encrypt-files/controller/share-file-controller.php,53
[2024-02-11 20:37:58] [ERROR] Incorrect function: Call to a member function download_share_file() on null,0,/var/www/html/modules/encrypt-files/controller/share-file-controller.php,53
[2024-02-11 20:38:43] [ERROR] Incorrect function: Typed property Files\Repository\FilesRepository::$ftp must not be accessed before initialization,0,/var/www/html/modules/encrypt-files/repository/repository-files.php,113
[2024-02-11 20:40:00] [ERROR] Unexpected error: hex2bin(): Passing null to parameter #1 ($string) of type string is deprecated,/var/www/html/modules/encrypt-files/repository/repository-files.php,94
[2024-02-11 20:40:00] [ERROR] Incorrect function: Typed property Files\Repository\FilesRepository::$ftp must not be accessed before initialization,0,/var/www/html/modules/encrypt-files/repository/repository-files.php,96
[2024-02-11 20:40:25] [ERROR] Unexpected error: hex2bin(): Passing null to parameter #1 ($string) of type string is deprecated,/var/www/html/modules/encrypt-files/repository/repository-files.php,95
[2024-02-11 20:40:25] [ERROR] Incorrect function: Typed property Files\Repository\FilesRepository::$ftp must not be accessed before initialization,0,/var/www/html/modules/encrypt-files/repository/repository-files.php,97
[2024-02-11 20:40:37] [ERROR] Unexpected error: hex2bin(): Passing null to parameter #1 ($string) of type string is deprecated,/var/www/html/modules/encrypt-files/repository/repository-files.php,95
[2024-02-11 20:40:37] [ERROR] Incorrect function: Typed property Files\Repository\FilesRepository::$ftp must not be accessed before initialization,0,/var/www/html/modules/encrypt-files/repository/repository-files.php,97
[2024-02-11 20:40:56] [ERROR] Unexpected error: hex2bin(): Passing null to parameter #1 ($string) of type string is deprecated,/var/www/html/modules/encrypt-files/repository/repository-files.php,96
[2024-02-11 20:40:56] [ERROR] Incorrect function: Typed property Files\Repository\FilesRepository::$ftp must not be accessed before initialization,0,/var/www/html/modules/encrypt-files/repository/repository-files.php,98
[2024-02-11 20:43:19] [ERROR] Unexpected error: hex2bin(): Passing null to parameter #1 ($string) of type string is deprecated,/var/www/html/modules/encrypt-files/repository/repository-files.php,95
[2024-02-11 20:43:19] [ERROR] Unexpected error: Cannot modify header information - headers already sent by (output started at /var/www/html/core/class/trait-debug.php:70),/var/www/html/modules/encrypt-files/repository/repository-files.php,102
[2024-02-11 20:43:19] [ERROR] Unexpected error: Cannot modify header information - headers already sent by (output started at /var/www/html/core/class/trait-debug.php:70),/var/www/html/modules/encrypt-files/repository/repository-files.php,103
[2024-02-11 20:43:19] [ERROR] Unexpected error: Cannot modify header information - headers already sent by (output started at /var/www/html/core/class/trait-debug.php:70),/var/www/html/modules/encrypt-files/repository/repository-files.php,104
[2024-02-11 20:43:19] [ERROR] Unexpected error: Cannot modify header information - headers already sent by (output started at /var/www/html/core/class/trait-debug.php:70),/var/www/html/modules/encrypt-files/repository/repository-files.php,105
[2024-02-11 20:43:19] [ERROR] Unexpected error: Cannot modify header information - headers already sent by (output started at /var/www/html/core/class/trait-debug.php:70),/var/www/html/modules/encrypt-files/repository/repository-files.php,106
[2024-02-11 20:43:19] [ERROR] Unexpected error: Cannot modify header information - headers already sent by (output started at /var/www/html/core/class/trait-debug.php:70),/var/www/html/modules/encrypt-files/repository/repository-files.php,107
[2024-02-11 20:43:19] [ERROR] Unexpected error: Cannot modify header information - headers already sent by (output started at /var/www/html/core/class/trait-debug.php:70),/var/www/html/modules/encrypt-files/repository/repository-files.php,108
[2024-02-11 20:43:29] [ERROR] Unexpected error: hex2bin(): Passing null to parameter #1 ($string) of type string is deprecated,/var/www/html/modules/encrypt-files/repository/repository-files.php,95
[2024-02-11 20:43:29] [ERROR] Incorrect function: Typed property Files\Repository\FilesRepository::$ftp must not be accessed before initialization,0,/var/www/html/modules/encrypt-files/repository/repository-files.php,97
[2024-02-11 20:57:34] [ERROR] Unexpected error: hex2bin(): Passing null to parameter #1 ($string) of type string is deprecated,/var/www/html/modules/encrypt-files/repository/repository-files.php,104
[2024-02-11 20:57:34] [ERROR] Incorrect function: Typed property Files\Repository\FilesRepository::$ftp must not be accessed before initialization,0,/var/www/html/modules/encrypt-files/repository/repository-files.php,106
[2024-02-11 20:57:37] [ERROR] Unexpected error: hex2bin(): Passing null to parameter #1 ($string) of type string is deprecated,/var/www/html/modules/encrypt-files/repository/repository-files.php,104
[2024-02-11 20:57:37] [ERROR] Incorrect function: Typed property Files\Repository\FilesRepository::$ftp must not be accessed before initialization,0,/var/www/html/modules/encrypt-files/repository/repository-files.php,106
[2024-02-11 20:57:52] [ERROR] Incorrect function: Typed property Files\Repository\FilesRepository::$ftp must not be accessed before initialization,0,/var/www/html/modules/encrypt-files/repository/repository-files.php,106
[2024-02-11 20:57:53] [ERROR] Incorrect function: Typed property Files\Repository\FilesRepository::$ftp must not be accessed before initialization,0,/var/www/html/modules/encrypt-files/repository/repository-files.php,106
[2024-02-11 20:58:17] [ERROR] Incorrect function: Typed property Files\Repository\FilesRepository::$ftp must not be accessed before initialization,0,/var/www/html/modules/encrypt-files/repository/repository-files.php,106
[2024-02-11 21:00:03] [ERROR] Unexpected error: ftp_get(): truncate.sql: No such file or directory,/var/www/html/modules/encrypt-files/helper/ftp.php,143
[2024-02-11 21:00:03] [ERROR] Unexpected error: fopen(/var/www/html/modules/encrypt-files/repository/89372dcdd20d94ffd33b0e488c8b6430): Failed to open stream: No such file or directory,/var/www/html/core/encryption-system/aes-files.php,65
[2024-02-11 21:00:03] [ERROR] Unexpected error: Cannot modify header information - headers already sent by (output started at /var/www/html/core/class/trait-debug.php:70),/var/www/html/modules/encrypt-files/repository/repository-files.php,111
[2024-02-11 21:00:03] [ERROR] Unexpected error: Cannot modify header information - headers already sent by (output started at /var/www/html/core/class/trait-debug.php:70),/var/www/html/modules/encrypt-files/repository/repository-files.php,112
[2024-02-11 21:00:03] [ERROR] Unexpected error: Cannot modify header information - headers already sent by (output started at /var/www/html/core/class/trait-debug.php:70),/var/www/html/modules/encrypt-files/repository/repository-files.php,113
[2024-02-11 21:00:03] [ERROR] Unexpected error: Cannot modify header information - headers already sent by (output started at /var/www/html/core/class/trait-debug.php:70),/var/www/html/modules/encrypt-files/repository/repository-files.php,114
[2024-02-11 21:00:03] [ERROR] Unexpected error: Cannot modify header information - headers already sent by (output started at /var/www/html/core/class/trait-debug.php:70),/var/www/html/modules/encrypt-files/repository/repository-files.php,115
[2024-02-11 21:00:03] [ERROR] Unexpected error: Cannot modify header information - headers already sent by (output started at /var/www/html/core/class/trait-debug.php:70),/var/www/html/modules/encrypt-files/repository/repository-files.php,116
[2024-02-11 21:00:03] [ERROR] Unexpected error: Cannot modify header information - headers already sent by (output started at /var/www/html/core/class/trait-debug.php:70),/var/www/html/modules/encrypt-files/repository/repository-files.php,117
[2024-02-11 21:00:03] [ERROR] Unexpected error: unlink(/var/www/html/modules/encrypt-files/repository/89372dcdd20d94ffd33b0e488c8b6430): No such file or directory,/var/www/html/modules/encrypt-files/repository/repository-files.php,121
[2024-02-11 21:00:39] [ERROR] Unexpected error: ftp_get(): truncate.sql: No such file or directory,/var/www/html/modules/encrypt-files/helper/ftp.php,143
[2024-02-11 21:00:39] [ERROR] Unexpected error: fopen(/var/www/html/modules/encrypt-files/repository/89372dcdd20d94ffd33b0e488c8b6430): Failed to open stream: No such file or directory,/var/www/html/core/encryption-system/aes-files.php,65
[2024-02-11 21:00:39] [ERROR] Unexpected error: Cannot modify header information - headers already sent by (output started at /var/www/html/core/class/trait-debug.php:70),/var/www/html/modules/encrypt-files/repository/repository-files.php,111
[2024-02-11 21:00:39] [ERROR] Unexpected error: Cannot modify header information - headers already sent by (output started at /var/www/html/core/class/trait-debug.php:70),/var/www/html/modules/encrypt-files/repository/repository-files.php,112
[2024-02-11 21:00:39] [ERROR] Unexpected error: Cannot modify header information - headers already sent by (output started at /var/www/html/core/class/trait-debug.php:70),/var/www/html/modules/encrypt-files/repository/repository-files.php,113
[2024-02-11 21:00:39] [ERROR] Unexpected error: Cannot modify header information - headers already sent by (output started at /var/www/html/core/class/trait-debug.php:70),/var/www/html/modules/encrypt-files/repository/repository-files.php,114
[2024-02-11 21:00:39] [ERROR] Unexpected error: Cannot modify header information - headers already sent by (output started at /var/www/html/core/class/trait-debug.php:70),/var/www/html/modules/encrypt-files/repository/repository-files.php,115
[2024-02-11 21:00:39] [ERROR] Unexpected error: Cannot modify header information - headers already sent by (output started at /var/www/html/core/class/trait-debug.php:70),/var/www/html/modules/encrypt-files/repository/repository-files.php,116
[2024-02-11 21:00:39] [ERROR] Unexpected error: Cannot modify header information - headers already sent by (output started at /var/www/html/core/class/trait-debug.php:70),/var/www/html/modules/encrypt-files/repository/repository-files.php,117
[2024-02-11 21:00:39] [ERROR] Unexpected error: unlink(/var/www/html/modules/encrypt-files/repository/89372dcdd20d94ffd33b0e488c8b6430): No such file or directory,/var/www/html/modules/encrypt-files/repository/repository-files.php,121
[2024-02-11 21:01:05] [ERROR] Unexpected error: ftp_get(): truncate.sql: No such file or directory,/var/www/html/modules/encrypt-files/helper/ftp.php,143
[2024-02-11 21:01:05] [ERROR] Unexpected error: fopen(/var/www/html/modules/encrypt-files/repository/89372dcdd20d94ffd33b0e488c8b6430): Failed to open stream: No such file or directory,/var/www/html/core/encryption-system/aes-files.php,65
[2024-02-11 21:01:05] [ERROR] Unexpected error: Cannot modify header information - headers already sent by (output started at /var/www/html/modules/encrypt-files/repository/repository-files.php:104),/var/www/html/modules/encrypt-files/repository/repository-files.php,112
[2024-02-11 21:01:05] [ERROR] Unexpected error: Cannot modify header information - headers already sent by (output started at /var/www/html/modules/encrypt-files/repository/repository-files.php:104),/var/www/html/modules/encrypt-files/repository/repository-files.php,113
[2024-02-11 21:01:05] [ERROR] Unexpected error: Cannot modify header information - headers already sent by (output started at /var/www/html/modules/encrypt-files/repository/repository-files.php:104),/var/www/html/modules/encrypt-files/repository/repository-files.php,114
[2024-02-11 21:01:05] [ERROR] Unexpected error: Cannot modify header information - headers already sent by (output started at /var/www/html/modules/encrypt-files/repository/repository-files.php:104),/var/www/html/modules/encrypt-files/repository/repository-files.php,115
[2024-02-11 21:01:05] [ERROR] Unexpected error: Cannot modify header information - headers already sent by (output started at /var/www/html/modules/encrypt-files/repository/repository-files.php:104),/var/www/html/modules/encrypt-files/repository/repository-files.php,116
[2024-02-11 21:01:05] [ERROR] Unexpected error: Cannot modify header information - headers already sent by (output started at /var/www/html/modules/encrypt-files/repository/repository-files.php:104),/var/www/html/modules/encrypt-files/repository/repository-files.php,117
[2024-02-11 21:01:05] [ERROR] Unexpected error: Cannot modify header information - headers already sent by (output started at /var/www/html/modules/encrypt-files/repository/repository-files.php:104),/var/www/html/modules/encrypt-files/repository/repository-files.php,118
[2024-02-11 21:01:05] [ERROR] Unexpected error: unlink(/var/www/html/modules/encrypt-files/repository/89372dcdd20d94ffd33b0e488c8b6430): No such file or directory,/var/www/html/modules/encrypt-files/repository/repository-files.php,122
[2024-02-11 21:01:27] [ERROR] Unexpected error: ftp_get(): truncate.sql: No such file or directory,/var/www/html/modules/encrypt-files/helper/ftp.php,143
[2024-02-11 21:01:27] [ERROR] Unexpected error: fopen(/var/www/html/modules/encrypt-files/repository/89372dcdd20d94ffd33b0e488c8b6430): Failed to open stream: No such file or directory,/var/www/html/core/encryption-system/aes-files.php,65
[2024-02-11 21:01:27] [ERROR] Unexpected error: Cannot modify header information - headers already sent by (output started at /var/www/html/core/class/trait-debug.php:70),/var/www/html/modules/encrypt-files/repository/repository-files.php,111
[2024-02-11 21:01:27] [ERROR] Unexpected error: Cannot modify header information - headers already sent by (output started at /var/www/html/core/class/trait-debug.php:70),/var/www/html/modules/encrypt-files/repository/repository-files.php,112
[2024-02-11 21:01:27] [ERROR] Unexpected error: Cannot modify header information - headers already sent by (output started at /var/www/html/core/class/trait-debug.php:70),/var/www/html/modules/encrypt-files/repository/repository-files.php,113
[2024-02-11 21:01:27] [ERROR] Unexpected error: Cannot modify header information - headers already sent by (output started at /var/www/html/core/class/trait-debug.php:70),/var/www/html/modules/encrypt-files/repository/repository-files.php,114
[2024-02-11 21:01:27] [ERROR] Unexpected error: Cannot modify header information - headers already sent by (output started at /var/www/html/core/class/trait-debug.php:70),/var/www/html/modules/encrypt-files/repository/repository-files.php,115
[2024-02-11 21:01:27] [ERROR] Unexpected error: Cannot modify header information - headers already sent by (output started at /var/www/html/core/class/trait-debug.php:70),/var/www/html/modules/encrypt-files/repository/repository-files.php,116
[2024-02-11 21:01:27] [ERROR] Unexpected error: Cannot modify header information - headers already sent by (output started at /var/www/html/core/class/trait-debug.php:70),/var/www/html/modules/encrypt-files/repository/repository-files.php,117
[2024-02-11 21:01:27] [ERROR] Unexpected error: unlink(/var/www/html/modules/encrypt-files/repository/89372dcdd20d94ffd33b0e488c8b6430): No such file or directory,/var/www/html/modules/encrypt-files/repository/repository-files.php,121
[2024-02-11 21:01:32] [ERROR] Unexpected error: ftp_get(): truncate.sql: No such file or directory,/var/www/html/modules/encrypt-files/helper/ftp.php,143
[2024-02-11 21:01:32] [ERROR] Unexpected error: fopen(/var/www/html/modules/encrypt-files/repository/89372dcdd20d94ffd33b0e488c8b6430): Failed to open stream: No such file or directory,/var/www/html/core/encryption-system/aes-files.php,65
[2024-02-11 21:01:32] [ERROR] Unexpected error: Cannot modify header information - headers already sent by (output started at /var/www/html/core/class/trait-debug.php:70),/var/www/html/modules/encrypt-files/repository/repository-files.php,111
[2024-02-11 21:01:32] [ERROR] Unexpected error: Cannot modify header information - headers already sent by (output started at /var/www/html/core/class/trait-debug.php:70),/var/www/html/modules/encrypt-files/repository/repository-files.php,112
[2024-02-11 21:01:32] [ERROR] Unexpected error: Cannot modify header information - headers already sent by (output started at /var/www/html/core/class/trait-debug.php:70),/var/www/html/modules/encrypt-files/repository/repository-files.php,113
[2024-02-11 21:01:32] [ERROR] Unexpected error: Cannot modify header information - headers already sent by (output started at /var/www/html/core/class/trait-debug.php:70),/var/www/html/modules/encrypt-files/repository/repository-files.php,114
[2024-02-11 21:01:32] [ERROR] Unexpected error: Cannot modify header information - headers already sent by (output started at /var/www/html/core/class/trait-debug.php:70),/var/www/html/modules/encrypt-files/repository/repository-files.php,115
[2024-02-11 21:01:32] [ERROR] Unexpected error: Cannot modify header information - headers already sent by (output started at /var/www/html/core/class/trait-debug.php:70),/var/www/html/modules/encrypt-files/repository/repository-files.php,116
[2024-02-11 21:01:32] [ERROR] Unexpected error: Cannot modify header information - headers already sent by (output started at /var/www/html/core/class/trait-debug.php:70),/var/www/html/modules/encrypt-files/repository/repository-files.php,117
[2024-02-11 21:01:32] [ERROR] Unexpected error: unlink(/var/www/html/modules/encrypt-files/repository/89372dcdd20d94ffd33b0e488c8b6430): No such file or directory,/var/www/html/modules/encrypt-files/repository/repository-files.php,121
[2024-02-11 21:03:39] [ERROR] Unexpected error: Cannot modify header information - headers already sent by (output started at /var/www/html/modules/encrypt-files/helper/ftp.php:144),/var/www/html/modules/encrypt-files/repository/repository-files.php,111
[2024-02-11 21:03:39] [ERROR] Unexpected error: Cannot modify header information - headers already sent by (output started at /var/www/html/modules/encrypt-files/helper/ftp.php:144),/var/www/html/modules/encrypt-files/repository/repository-files.php,112
[2024-02-11 21:03:39] [ERROR] Unexpected error: Cannot modify header information - headers already sent by (output started at /var/www/html/modules/encrypt-files/helper/ftp.php:144),/var/www/html/modules/encrypt-files/repository/repository-files.php,113
[2024-02-11 21:03:39] [ERROR] Unexpected error: Cannot modify header information - headers already sent by (output started at /var/www/html/modules/encrypt-files/helper/ftp.php:144),/var/www/html/modules/encrypt-files/repository/repository-files.php,114
[2024-02-11 21:03:39] [ERROR] Unexpected error: Cannot modify header information - headers already sent by (output started at /var/www/html/modules/encrypt-files/helper/ftp.php:144),/var/www/html/modules/encrypt-files/repository/repository-files.php,115
[2024-02-11 21:03:39] [ERROR] Unexpected error: Cannot modify header information - headers already sent by (output started at /var/www/html/modules/encrypt-files/helper/ftp.php:144),/var/www/html/modules/encrypt-files/repository/repository-files.php,116
[2024-02-11 21:03:39] [ERROR] Unexpected error: Cannot modify header information - headers already sent by (output started at /var/www/html/modules/encrypt-files/helper/ftp.php:144),/var/www/html/modules/encrypt-files/repository/repository-files.php,117
[2024-02-11 21:04:12] [ERROR] Unexpected error: ftp_chdir(): /test/587aecc2ec362c9fb6ff66b75f0c0f84: Not a directory,/var/www/html/modules/encrypt-files/helper/ftp.php,49
[2024-02-11 21:05:05] [ERROR] Unexpected error: Cannot modify header information - headers already sent by (output started at /var/www/html/modules/encrypt-files/helper/ftp.php:144),/var/www/html/modules/encrypt-files/repository/repository-files.php,111
[2024-02-11 21:05:05] [ERROR] Unexpected error: Cannot modify header information - headers already sent by (output started at /var/www/html/modules/encrypt-files/helper/ftp.php:144),/var/www/html/modules/encrypt-files/repository/repository-files.php,112
[2024-02-11 21:05:05] [ERROR] Unexpected error: Cannot modify header information - headers already sent by (output started at /var/www/html/modules/encrypt-files/helper/ftp.php:144),/var/www/html/modules/encrypt-files/repository/repository-files.php,113
[2024-02-11 21:05:05] [ERROR] Unexpected error: Cannot modify header information - headers already sent by (output started at /var/www/html/modules/encrypt-files/helper/ftp.php:144),/var/www/html/modules/encrypt-files/repository/repository-files.php,114
[2024-02-11 21:05:05] [ERROR] Unexpected error: Cannot modify header information - headers already sent by (output started at /var/www/html/modules/encrypt-files/helper/ftp.php:144),/var/www/html/modules/encrypt-files/repository/repository-files.php,115
[2024-02-11 21:05:05] [ERROR] Unexpected error: Cannot modify header information - headers already sent by (output started at /var/www/html/modules/encrypt-files/helper/ftp.php:144),/var/www/html/modules/encrypt-files/repository/repository-files.php,116
[2024-02-11 21:05:05] [ERROR] Unexpected error: Cannot modify header information - headers already sent by (output started at /var/www/html/modules/encrypt-files/helper/ftp.php:144),/var/www/html/modules/encrypt-files/repository/repository-files.php,117
[2024-02-11 21:05:21] [ERROR] Unexpected error: ftp_get(): truncate.sql: No such file or directory,/var/www/html/modules/encrypt-files/helper/ftp.php,143
[2024-02-11 21:05:21] [ERROR] Unexpected error: fopen(/var/www/html/modules/encrypt-files/repository/89372dcdd20d94ffd33b0e488c8b6430): Failed to open stream: No such file or directory,/var/www/html/core/encryption-system/aes-files.php,65
[2024-02-11 21:05:21] [ERROR] Unexpected error: Cannot modify header information - headers already sent by (output started at /var/www/html/core/class/trait-debug.php:70),/var/www/html/modules/encrypt-files/repository/repository-files.php,111
[2024-02-11 21:05:21] [ERROR] Unexpected error: Cannot modify header information - headers already sent by (output started at /var/www/html/core/class/trait-debug.php:70),/var/www/html/modules/encrypt-files/repository/repository-files.php,112
[2024-02-11 21:05:21] [ERROR] Unexpected error: Cannot modify header information - headers already sent by (output started at /var/www/html/core/class/trait-debug.php:70),/var/www/html/modules/encrypt-files/repository/repository-files.php,113
[2024-02-11 21:05:21] [ERROR] Unexpected error: Cannot modify header information - headers already sent by (output started at /var/www/html/core/class/trait-debug.php:70),/var/www/html/modules/encrypt-files/repository/repository-files.php,114
[2024-02-11 21:05:21] [ERROR] Unexpected error: Cannot modify header information - headers already sent by (output started at /var/www/html/core/class/trait-debug.php:70),/var/www/html/modules/encrypt-files/repository/repository-files.php,115
[2024-02-11 21:05:21] [ERROR] Unexpected error: Cannot modify header information - headers already sent by (output started at /var/www/html/core/class/trait-debug.php:70),/var/www/html/modules/encrypt-files/repository/repository-files.php,116
[2024-02-11 21:05:21] [ERROR] Unexpected error: Cannot modify header information - headers already sent by (output started at /var/www/html/core/class/trait-debug.php:70),/var/www/html/modules/encrypt-files/repository/repository-files.php,117
[2024-02-11 21:05:21] [ERROR] Unexpected error: unlink(/var/www/html/modules/encrypt-files/repository/89372dcdd20d94ffd33b0e488c8b6430): No such file or directory,/var/www/html/modules/encrypt-files/repository/repository-files.php,121
[2024-02-11 21:05:54] [ERROR] Unexpected error: ftp_get(): /sharetruncate.sql: No such file or directory,/var/www/html/modules/encrypt-files/helper/ftp.php,143
[2024-02-11 21:05:54] [ERROR] Unexpected error: fopen(/var/www/html/modules/encrypt-files/repository/89372dcdd20d94ffd33b0e488c8b6430): Failed to open stream: No such file or directory,/var/www/html/core/encryption-system/aes-files.php,65
[2024-02-11 21:05:54] [ERROR] Unexpected error: Cannot modify header information - headers already sent by (output started at /var/www/html/modules/encrypt-files/repository/repository-share-files.php:52),/var/www/html/modules/encrypt-files/repository/repository-files.php,111
[2024-02-11 21:05:54] [ERROR] Unexpected error: Cannot modify header information - headers already sent by (output started at /var/www/html/modules/encrypt-files/repository/repository-share-files.php:52),/var/www/html/modules/encrypt-files/repository/repository-files.php,112
[2024-02-11 21:05:54] [ERROR] Unexpected error: Cannot modify header information - headers already sent by (output started at /var/www/html/modules/encrypt-files/repository/repository-share-files.php:52),/var/www/html/modules/encrypt-files/repository/repository-files.php,113
[2024-02-11 21:05:54] [ERROR] Unexpected error: Cannot modify header information - headers already sent by (output started at /var/www/html/modules/encrypt-files/repository/repository-share-files.php:52),/var/www/html/modules/encrypt-files/repository/repository-files.php,114
[2024-02-11 21:05:54] [ERROR] Unexpected error: Cannot modify header information - headers already sent by (output started at /var/www/html/modules/encrypt-files/repository/repository-share-files.php:52),/var/www/html/modules/encrypt-files/repository/repository-files.php,115
[2024-02-11 21:05:54] [ERROR] Unexpected error: Cannot modify header information - headers already sent by (output started at /var/www/html/modules/encrypt-files/repository/repository-share-files.php:52),/var/www/html/modules/encrypt-files/repository/repository-files.php,116
[2024-02-11 21:05:54] [ERROR] Unexpected error: Cannot modify header information - headers already sent by (output started at /var/www/html/modules/encrypt-files/repository/repository-share-files.php:52),/var/www/html/modules/encrypt-files/repository/repository-files.php,117
[2024-02-11 21:05:54] [ERROR] Unexpected error: unlink(/var/www/html/modules/encrypt-files/repository/89372dcdd20d94ffd33b0e488c8b6430): No such file or directory,/var/www/html/modules/encrypt-files/repository/repository-files.php,121
[2024-02-11 21:06:06] [ERROR] Unexpected error: ftp_get(): /share/truncate.sql: No such file or directory,/var/www/html/modules/encrypt-files/helper/ftp.php,143
[2024-02-11 21:06:06] [ERROR] Unexpected error: fopen(/var/www/html/modules/encrypt-files/repository/89372dcdd20d94ffd33b0e488c8b6430): Failed to open stream: No such file or directory,/var/www/html/core/encryption-system/aes-files.php,65
[2024-02-11 21:06:06] [ERROR] Unexpected error: Cannot modify header information - headers already sent by (output started at /var/www/html/modules/encrypt-files/repository/repository-share-files.php:52),/var/www/html/modules/encrypt-files/repository/repository-files.php,111
[2024-02-11 21:06:06] [ERROR] Unexpected error: Cannot modify header information - headers already sent by (output started at /var/www/html/modules/encrypt-files/repository/repository-share-files.php:52),/var/www/html/modules/encrypt-files/repository/repository-files.php,112
[2024-02-11 21:06:06] [ERROR] Unexpected error: Cannot modify header information - headers already sent by (output started at /var/www/html/modules/encrypt-files/repository/repository-share-files.php:52),/var/www/html/modules/encrypt-files/repository/repository-files.php,113
[2024-02-11 21:06:06] [ERROR] Unexpected error: Cannot modify header information - headers already sent by (output started at /var/www/html/modules/encrypt-files/repository/repository-share-files.php:52),/var/www/html/modules/encrypt-files/repository/repository-files.php,114
[2024-02-11 21:06:06] [ERROR] Unexpected error: Cannot modify header information - headers already sent by (output started at /var/www/html/modules/encrypt-files/repository/repository-share-files.php:52),/var/www/html/modules/encrypt-files/repository/repository-files.php,115
[2024-02-11 21:06:06] [ERROR] Unexpected error: Cannot modify header information - headers already sent by (output started at /var/www/html/modules/encrypt-files/repository/repository-share-files.php:52),/var/www/html/modules/encrypt-files/repository/repository-files.php,116
[2024-02-11 21:06:06] [ERROR] Unexpected error: Cannot modify header information - headers already sent by (output started at /var/www/html/modules/encrypt-files/repository/repository-share-files.php:52),/var/www/html/modules/encrypt-files/repository/repository-files.php,117
[2024-02-11 21:06:06] [ERROR] Unexpected error: unlink(/var/www/html/modules/encrypt-files/repository/89372dcdd20d94ffd33b0e488c8b6430): No such file or directory,/var/www/html/modules/encrypt-files/repository/repository-files.php,121
[2024-02-11 21:06:21] [ERROR] Unexpected error: ftp_get(): ./share/truncate.sql: No such file or directory,/var/www/html/modules/encrypt-files/helper/ftp.php,143
[2024-02-11 21:06:21] [ERROR] Unexpected error: fopen(/var/www/html/modules/encrypt-files/repository/89372dcdd20d94ffd33b0e488c8b6430): Failed to open stream: No such file or directory,/var/www/html/core/encryption-system/aes-files.php,65
[2024-02-11 21:06:21] [ERROR] Unexpected error: Cannot modify header information - headers already sent by (output started at /var/www/html/modules/encrypt-files/repository/repository-share-files.php:52),/var/www/html/modules/encrypt-files/repository/repository-files.php,111
[2024-02-11 21:06:21] [ERROR] Unexpected error: Cannot modify header information - headers already sent by (output started at /var/www/html/modules/encrypt-files/repository/repository-share-files.php:52),/var/www/html/modules/encrypt-files/repository/repository-files.php,112
[2024-02-11 21:06:21] [ERROR] Unexpected error: Cannot modify header information - headers already sent by (output started at /var/www/html/modules/encrypt-files/repository/repository-share-files.php:52),/var/www/html/modules/encrypt-files/repository/repository-files.php,113
[2024-02-11 21:06:21] [ERROR] Unexpected error: Cannot modify header information - headers already sent by (output started at /var/www/html/modules/encrypt-files/repository/repository-share-files.php:52),/var/www/html/modules/encrypt-files/repository/repository-files.php,114
[2024-02-11 21:06:21] [ERROR] Unexpected error: Cannot modify header information - headers already sent by (output started at /var/www/html/modules/encrypt-files/repository/repository-share-files.php:52),/var/www/html/modules/encrypt-files/repository/repository-files.php,115
[2024-02-11 21:06:21] [ERROR] Unexpected error: Cannot modify header information - headers already sent by (output started at /var/www/html/modules/encrypt-files/repository/repository-share-files.php:52),/var/www/html/modules/encrypt-files/repository/repository-files.php,116
[2024-02-11 21:06:21] [ERROR] Unexpected error: Cannot modify header information - headers already sent by (output started at /var/www/html/modules/encrypt-files/repository/repository-share-files.php:52),/var/www/html/modules/encrypt-files/repository/repository-files.php,117
[2024-02-11 21:06:21] [ERROR] Unexpected error: unlink(/var/www/html/modules/encrypt-files/repository/89372dcdd20d94ffd33b0e488c8b6430): No such file or directory,/var/www/html/modules/encrypt-files/repository/repository-files.php,121
[2024-02-11 21:06:34] [ERROR] Unexpected error: Cannot modify header information - headers already sent by (output started at /var/www/html/modules/encrypt-files/repository/repository-share-files.php:52),/var/www/html/modules/encrypt-files/repository/repository-files.php,111
[2024-02-11 21:06:34] [ERROR] Unexpected error: Cannot modify header information - headers already sent by (output started at /var/www/html/modules/encrypt-files/repository/repository-share-files.php:52),/var/www/html/modules/encrypt-files/repository/repository-files.php,112
[2024-02-11 21:06:34] [ERROR] Unexpected error: Cannot modify header information - headers already sent by (output started at /var/www/html/modules/encrypt-files/repository/repository-share-files.php:52),/var/www/html/modules/encrypt-files/repository/repository-files.php,113
[2024-02-11 21:06:34] [ERROR] Unexpected error: Cannot modify header information - headers already sent by (output started at /var/www/html/modules/encrypt-files/repository/repository-share-files.php:52),/var/www/html/modules/encrypt-files/repository/repository-files.php,114
[2024-02-11 21:06:34] [ERROR] Unexpected error: Cannot modify header information - headers already sent by (output started at /var/www/html/modules/encrypt-files/repository/repository-share-files.php:52),/var/www/html/modules/encrypt-files/repository/repository-files.php,115
[2024-02-11 21:06:34] [ERROR] Unexpected error: Cannot modify header information - headers already sent by (output started at /var/www/html/modules/encrypt-files/repository/repository-share-files.php:52),/var/www/html/modules/encrypt-files/repository/repository-files.php,116
[2024-02-11 21:06:34] [ERROR] Unexpected error: Cannot modify header information - headers already sent by (output started at /var/www/html/modules/encrypt-files/repository/repository-share-files.php:52),/var/www/html/modules/encrypt-files/repository/repository-files.php,117
[2024-02-11 21:07:02] [ERROR] Unexpected error: Cannot modify header information - headers already sent by (output started at /var/www/html/modules/encrypt-files/helper/ftp.php:144),/var/www/html/modules/encrypt-files/repository/repository-files.php,124
[2024-02-11 21:07:02] [ERROR] Unexpected error: Cannot modify header information - headers already sent by (output started at /var/www/html/modules/encrypt-files/helper/ftp.php:144),/var/www/html/modules/encrypt-files/repository/repository-files.php,125
[2024-02-11 21:07:02] [ERROR] Unexpected error: Cannot modify header information - headers already sent by (output started at /var/www/html/modules/encrypt-files/helper/ftp.php:144),/var/www/html/modules/encrypt-files/repository/repository-files.php,126
[2024-02-11 21:07:02] [ERROR] Unexpected error: Cannot modify header information - headers already sent by (output started at /var/www/html/modules/encrypt-files/helper/ftp.php:144),/var/www/html/modules/encrypt-files/repository/repository-files.php,127
[2024-02-11 21:07:02] [ERROR] Unexpected error: Cannot modify header information - headers already sent by (output started at /var/www/html/modules/encrypt-files/helper/ftp.php:144),/var/www/html/modules/encrypt-files/repository/repository-files.php,128
[2024-02-11 21:07:02] [ERROR] Unexpected error: Cannot modify header information - headers already sent by (output started at /var/www/html/modules/encrypt-files/helper/ftp.php:144),/var/www/html/modules/encrypt-files/repository/repository-files.php,129
[2024-02-11 21:07:02] [ERROR] Unexpected error: Cannot modify header information - headers already sent by (output started at /var/www/html/modules/encrypt-files/helper/ftp.php:144),/var/www/html/modules/encrypt-files/repository/repository-files.php,130
[2024-02-11 21:11:52] [ERROR] Unexpected error: Cannot modify header information - headers already sent by (output started at /var/www/html/modules/encrypt-files/repository/repository-files.php:52),/var/www/html/modules/encrypt-files/repository/repository-files.php,127
[2024-02-11 21:11:52] [ERROR] Unexpected error: Cannot modify header information - headers already sent by (output started at /var/www/html/modules/encrypt-files/repository/repository-files.php:52),/var/www/html/modules/encrypt-files/repository/repository-files.php,128
[2024-02-11 21:11:52] [ERROR] Unexpected error: Cannot modify header information - headers already sent by (output started at /var/www/html/modules/encrypt-files/repository/repository-files.php:52),/var/www/html/modules/encrypt-files/repository/repository-files.php,129
[2024-02-11 21:11:52] [ERROR] Unexpected error: Cannot modify header information - headers already sent by (output started at /var/www/html/modules/encrypt-files/repository/repository-files.php:52),/var/www/html/modules/encrypt-files/repository/repository-files.php,130
[2024-02-11 21:11:52] [ERROR] Unexpected error: Cannot modify header information - headers already sent by (output started at /var/www/html/modules/encrypt-files/repository/repository-files.php:52),/var/www/html/modules/encrypt-files/repository/repository-files.php,131
[2024-02-11 21:11:52] [ERROR] Unexpected error: Cannot modify header information - headers already sent by (output started at /var/www/html/modules/encrypt-files/repository/repository-files.php:52),/var/www/html/modules/encrypt-files/repository/repository-files.php,132
[2024-02-11 21:11:52] [ERROR] Unexpected error: Cannot modify header information - headers already sent by (output started at /var/www/html/modules/encrypt-files/repository/repository-files.php:52),/var/www/html/modules/encrypt-files/repository/repository-files.php,133
[2024-02-11 21:15:47] [ERROR] Unexpected error: foreach() argument must be of type array|object, null given,/var/www/html/modules/encrypt-files/controller/share-file-controller.php,151
[2024-02-11 21:36:14] [ERROR] Include module: syntax error, unexpected token "public",0,/var/www/html/modules/encrypt-files/repository/repository-files.php,140
[2024-02-11 21:36:15] [ERROR] Include module: syntax error, unexpected token "public",0,/var/www/html/modules/encrypt-files/repository/repository-files.php,140
[2024-02-11 21:36:16] [ERROR] Include module: syntax error, unexpected token "public",0,/var/www/html/modules/encrypt-files/repository/repository-files.php,140
[2024-02-11 21:36:32] [ERROR] Unexpected error: Undefined array key "data",/var/www/html/modules/encrypt-files/repository/repository-files.php,103
[2024-02-11 21:36:32] [ERROR] Unexpected error: Trying to access array offset on value of type null,/var/www/html/modules/encrypt-files/repository/repository-files.php,103
[2024-02-11 21:36:32] [ERROR] Unexpected error: base64_decode(): Passing null to parameter #1 ($string) of type string is deprecated,/var/www/html/core/encryption-system/rsa.php,24
[2024-02-11 21:39:04] [ERROR] Unexpected error: Cannot modify header information - headers already sent by (output started at /var/www/html/modules/encrypt-files/repository/repository-files.php:104),/var/www/html/modules/encrypt-files/repository/repository-files.php,112
[2024-02-11 21:39:04] [ERROR] Unexpected error: Cannot modify header information - headers already sent by (output started at /var/www/html/modules/encrypt-files/repository/repository-files.php:104),/var/www/html/modules/encrypt-files/repository/repository-files.php,113
[2024-02-11 21:39:04] [ERROR] Unexpected error: Cannot modify header information - headers already sent by (output started at /var/www/html/modules/encrypt-files/repository/repository-files.php:104),/var/www/html/modules/encrypt-files/repository/repository-files.php,114
[2024-02-11 21:39:04] [ERROR] Unexpected error: Cannot modify header information - headers already sent by (output started at /var/www/html/modules/encrypt-files/repository/repository-files.php:104),/var/www/html/modules/encrypt-files/repository/repository-files.php,115
[2024-02-11 21:39:04] [ERROR] Unexpected error: Cannot modify header information - headers already sent by (output started at /var/www/html/modules/encrypt-files/repository/repository-files.php:104),/var/www/html/modules/encrypt-files/repository/repository-files.php,116
[2024-02-11 21:39:04] [ERROR] Unexpected error: Cannot modify header information - headers already sent by (output started at /var/www/html/modules/encrypt-files/repository/repository-files.php:104),/var/www/html/modules/encrypt-files/repository/repository-files.php,117
[2024-02-11 21:39:04] [ERROR] Unexpected error: Cannot modify header information - headers already sent by (output started at /var/www/html/modules/encrypt-files/repository/repository-files.php:104),/var/www/html/modules/encrypt-files/repository/repository-files.php,118
